

*******************************************************************************
Sun Nov  1 00:20:04 2015


FIT:    data read from "cavendish.data" using 1:2:3
        format = x:z:s
        #datapoints = 39
function used for fitting: theta(x)
	theta(t) = theta0 + a * exp(-t / tau) * sin(2 * pi * t / T + phi)
fitted parameters initialized with current variable values

iter      chisq       delta/lim  lambda   a             tau           phi           T             theta0       
   0 1.3744844928e+03   0.00e+00  7.35e+00    4.000000e+01   1.500000e+01  -5.000000e-01   1.500000e+01   1.000000e+01
  13 3.9000765472e+01  -1.64e-10  7.35e+05    4.454835e+01   5.751884e+01  -3.771069e-01   1.310292e+01   2.456091e+00

After 13 iterations the fit converged.
final sum of squares of residuals : 39.0008
rel. change during last iteration : -1.63968e-15

degrees of freedom    (FIT_NDF)                        : 34
rms of residuals      (FIT_STDFIT) = sqrt(WSSR/ndf)    : 1.07102
variance of residuals (reduced chisquare) = WSSR/ndf   : 1.14708
p-value of the Chisq distribution (FIT_P)              : 0.254938

Final set of parameters            Asymptotic Standard Error
=======================            ==========================
a               = 44.5484          +/- 2.127        (4.776%)
tau             = 57.5188          +/- 8.119        (14.12%)
phi             = -0.377107        +/- 0.04234      (11.23%)
T               = 13.1029          +/- 0.06466      (0.4935%)
theta0          = 2.45609          +/- 0.6081       (24.76%)

correlation matrix of the fit parameters:
                a      tau    phi    T      theta0 
a               1.000 
tau            -0.844  1.000 
phi            -0.100  0.088  1.000 
T              -0.072  0.072  0.806  1.000 
theta0         -0.166  0.127 -0.182 -0.166  1.000 


*******************************************************************************
Sun Nov  1 00:21:36 2015


FIT:    data read from "cavendish.data" using 1:2:3
        format = x:z:s
        #datapoints = 39
function used for fitting: theta(x)
	theta(t) = theta0 + a * exp(-t / tau) * sin(2 * pi * t / T + phi)
fitted parameters initialized with current variable values

iter      chisq       delta/lim  lambda   a             tau           phi           T             theta0       
   0 1.3744844928e+03   0.00e+00  7.35e+00    4.000000e+01   1.500000e+01  -5.000000e-01   1.500000e+01   1.000000e+01
  13 3.9000765472e+01  -1.64e-10  7.35e+05    4.454835e+01   5.751884e+01  -3.771069e-01   1.310292e+01   2.456091e+00

After 13 iterations the fit converged.
final sum of squares of residuals : 39.0008
rel. change during last iteration : -1.63968e-15

degrees of freedom    (FIT_NDF)                        : 34
rms of residuals      (FIT_STDFIT) = sqrt(WSSR/ndf)    : 1.07102
variance of residuals (reduced chisquare) = WSSR/ndf   : 1.14708
p-value of the Chisq distribution (FIT_P)              : 0.254938

Final set of parameters            Asymptotic Standard Error
=======================            ==========================
a               = 44.5484          +/- 2.127        (4.776%)
tau             = 57.5188          +/- 8.119        (14.12%)
phi             = -0.377107        +/- 0.04234      (11.23%)
T               = 13.1029          +/- 0.06466      (0.4935%)
theta0          = 2.45609          +/- 0.6081       (24.76%)

correlation matrix of the fit parameters:
                a      tau    phi    T      theta0 
a               1.000 
tau            -0.844  1.000 
phi            -0.100  0.088  1.000 
T              -0.072  0.072  0.806  1.000 
theta0         -0.166  0.127 -0.182 -0.166  1.000 


*******************************************************************************
Sun Nov 15 20:16:58 2015


FIT:    data read from "cavendish.data" using 1:2:3
        format = x:z:s
        #datapoints = 39
function used for fitting: theta(x)
	theta(t) = theta0 + a * exp(-t / tau) * sin(2 * pi * t / T + phi)
fitted parameters initialized with current variable values

iter      chisq       delta/lim  lambda   a             tau           phi           T             theta0       
   0 1.3744844928e+03   0.00e+00  7.35e+00    4.000000e+01   1.500000e+01  -5.000000e-01   1.500000e+01   1.000000e+01
  13 3.9000765472e+01  -1.64e-10  7.35e+05    4.454835e+01   5.751884e+01  -3.771069e-01   1.310292e+01   2.456091e+00

After 13 iterations the fit converged.
final sum of squares of residuals : 39.0008
rel. change during last iteration : -1.63968e-15

degrees of freedom    (FIT_NDF)                        : 34
rms of residuals      (FIT_STDFIT) = sqrt(WSSR/ndf)    : 1.07102
variance of residuals (reduced chisquare) = WSSR/ndf   : 1.14708
p-value of the Chisq distribution (FIT_P)              : 0.254938

Final set of parameters            Asymptotic Standard Error
=======================            ==========================
a               = 44.5484          +/- 2.127        (4.776%)
tau             = 57.5188          +/- 8.119        (14.12%)
phi             = -0.377107        +/- 0.04234      (11.23%)
T               = 13.1029          +/- 0.06466      (0.4935%)
theta0          = 2.45609          +/- 0.6081       (24.76%)

correlation matrix of the fit parameters:
                a      tau    phi    T      theta0 
a               1.000 
tau            -0.844  1.000 
phi            -0.100  0.088  1.000 
T              -0.072  0.072  0.806  1.000 
theta0         -0.166  0.127 -0.182 -0.166  1.000 


*******************************************************************************
Sun Nov 15 20:17:25 2015


FIT:    data read from "cavendish.data" using 1:2:3
        format = x:z:s
        #datapoints = 39
function used for fitting: theta(x)
	theta(t) = theta0 + a * exp(-t / tau) * sin(2 * pi * t / T + phi)
fitted parameters initialized with current variable values

iter      chisq       delta/lim  lambda   a             tau           phi           T             theta0       
   0 1.3744844928e+03   0.00e+00  7.35e+00    4.000000e+01   1.500000e+01  -5.000000e-01   1.500000e+01   1.000000e+01
  13 3.9000765472e+01  -1.64e-10  7.35e+05    4.454835e+01   5.751884e+01  -3.771069e-01   1.310292e+01   2.456091e+00

After 13 iterations the fit converged.
final sum of squares of residuals : 39.0008
rel. change during last iteration : -1.63968e-15

degrees of freedom    (FIT_NDF)                        : 34
rms of residuals      (FIT_STDFIT) = sqrt(WSSR/ndf)    : 1.07102
variance of residuals (reduced chisquare) = WSSR/ndf   : 1.14708
p-value of the Chisq distribution (FIT_P)              : 0.254938

Final set of parameters            Asymptotic Standard Error
=======================            ==========================
a               = 44.5484          +/- 2.127        (4.776%)
tau             = 57.5188          +/- 8.119        (14.12%)
phi             = -0.377107        +/- 0.04234      (11.23%)
T               = 13.1029          +/- 0.06466      (0.4935%)
theta0          = 2.45609          +/- 0.6081       (24.76%)

correlation matrix of the fit parameters:
                a      tau    phi    T      theta0 
a               1.000 
tau            -0.844  1.000 
phi            -0.100  0.088  1.000 
T              -0.072  0.072  0.806  1.000 
theta0         -0.166  0.127 -0.182 -0.166  1.000 


*******************************************************************************
Sun Nov 15 20:52:46 2015


FIT:    data read from f using 1:2:3
        format = x:z:s
        #datapoints = 29
function used for fitting: theta(x)
	theta(t) = theta0 + a * exp(-t / tau) * sin(2 * pi * t / T + phi)
fitted parameters initialized with current variable values

iter      chisq       delta/lim  lambda   a             tau           phi           T             theta0       
   0 1.1879761668e+03   0.00e+00  7.63e+00    4.000000e+01   1.500000e+01  -5.000000e-01   1.500000e+01   1.000000e+01
  18 2.5276237474e+01  -1.18e-02  7.63e-06    3.729799e+01   9.764396e+01  -3.893310e-01   1.308747e+01   1.903694e+00

After 18 iterations the fit converged.
final sum of squares of residuals : 25.2762
rel. change during last iteration : -1.177e-07

degrees of freedom    (FIT_NDF)                        : 24
rms of residuals      (FIT_STDFIT) = sqrt(WSSR/ndf)    : 1.02624
variance of residuals (reduced chisquare) = WSSR/ndf   : 1.05318
p-value of the Chisq distribution (FIT_P)              : 0.390876

Final set of parameters            Asymptotic Standard Error
=======================            ==========================
a               = 37.298           +/- 3.205        (8.593%)
tau             = 97.644           +/- 34.19        (35.02%)
phi             = -0.389331        +/- 0.1053       (27.04%)
T               = 13.0875          +/- 0.1197       (0.9149%)
theta0          = 1.90369          +/- 0.682        (35.83%)

correlation matrix of the fit parameters:
                a      tau    phi    T      theta0 
a               1.000 
tau            -0.937  1.000 
phi             0.010  0.015  1.000 
T              -0.003  0.029  0.952  1.000 
theta0         -0.037  0.025 -0.331 -0.314  1.000 


*******************************************************************************
Sun Nov 15 20:55:25 2015


FIT:    data read from f using 1:2:3
        format = x:z:s
        #datapoints = 29
function used for fitting: theta(x)
	theta(t) = theta0 + a * exp(-t / tau) * sin(2 * pi * t / T + phi)
fitted parameters initialized with current variable values

iter      chisq       delta/lim  lambda   a             tau           phi           T             theta0       
   0 1.1879761668e+03   0.00e+00  7.63e+00    4.000000e+01   1.500000e+01  -5.000000e-01   1.500000e+01   1.000000e+01
  18 2.5276237474e+01  -1.18e-02  7.63e-06    3.729799e+01   9.764396e+01  -3.893310e-01   1.308747e+01   1.903694e+00

After 18 iterations the fit converged.
final sum of squares of residuals : 25.2762
rel. change during last iteration : -1.177e-07

degrees of freedom    (FIT_NDF)                        : 24
rms of residuals      (FIT_STDFIT) = sqrt(WSSR/ndf)    : 1.02624
variance of residuals (reduced chisquare) = WSSR/ndf   : 1.05318
p-value of the Chisq distribution (FIT_P)              : 0.390876

Final set of parameters            Asymptotic Standard Error
=======================            ==========================
a               = 37.298           +/- 3.205        (8.593%)
tau             = 97.644           +/- 34.19        (35.02%)
phi             = -0.389331        +/- 0.1053       (27.04%)
T               = 13.0875          +/- 0.1197       (0.9149%)
theta0          = 1.90369          +/- 0.682        (35.83%)

correlation matrix of the fit parameters:
                a      tau    phi    T      theta0 
a               1.000 
tau            -0.937  1.000 
phi             0.010  0.015  1.000 
T              -0.003  0.029  0.952  1.000 
theta0         -0.037  0.025 -0.331 -0.314  1.000 


*******************************************************************************
Sun Nov 15 20:56:00 2015


FIT:    data read from f using 1:2:3
        format = x:z:s
        #datapoints = 29
function used for fitting: theta(x)
	theta(t) = theta0 + a * exp(-t / tau) * sin(2 * pi * t / T + phi)
fitted parameters initialized with current variable values

iter      chisq       delta/lim  lambda   a             tau           phi           T             theta0       
   0 1.1879761668e+03   0.00e+00  7.63e+00    4.000000e+01   1.500000e+01  -5.000000e-01   1.500000e+01   1.000000e+01
  18 2.5276237474e+01  -1.18e-02  7.63e-06    3.729799e+01   9.764396e+01  -3.893310e-01   1.308747e+01   1.903694e+00

After 18 iterations the fit converged.
final sum of squares of residuals : 25.2762
rel. change during last iteration : -1.177e-07

degrees of freedom    (FIT_NDF)                        : 24
rms of residuals      (FIT_STDFIT) = sqrt(WSSR/ndf)    : 1.02624
variance of residuals (reduced chisquare) = WSSR/ndf   : 1.05318
p-value of the Chisq distribution (FIT_P)              : 0.390876

Final set of parameters            Asymptotic Standard Error
=======================            ==========================
a               = 37.298           +/- 3.205        (8.593%)
tau             = 97.644           +/- 34.19        (35.02%)
phi             = -0.389331        +/- 0.1053       (27.04%)
T               = 13.0875          +/- 0.1197       (0.9149%)
theta0          = 1.90369          +/- 0.682        (35.83%)

correlation matrix of the fit parameters:
                a      tau    phi    T      theta0 
a               1.000 
tau            -0.937  1.000 
phi             0.010  0.015  1.000 
T              -0.003  0.029  0.952  1.000 
theta0         -0.037  0.025 -0.331 -0.314  1.000 


*******************************************************************************
Sun Nov 15 20:56:26 2015


FIT:    data read from f using 1:2:3
        format = x:z:s
        #datapoints = 29
function used for fitting: theta(x)
	theta(t) = theta0 + a * exp(-t / tau) * sin(2 * pi * t / T + phi)
fitted parameters initialized with current variable values

iter      chisq       delta/lim  lambda   a             tau           phi           T             theta0       
   0 1.1879761668e+03   0.00e+00  7.63e+00    4.000000e+01   1.500000e+01  -5.000000e-01   1.500000e+01   1.000000e+01
  18 2.5276237474e+01  -1.18e-02  7.63e-06    3.729799e+01   9.764396e+01  -3.893310e-01   1.308747e+01   1.903694e+00

After 18 iterations the fit converged.
final sum of squares of residuals : 25.2762
rel. change during last iteration : -1.177e-07

degrees of freedom    (FIT_NDF)                        : 24
rms of residuals      (FIT_STDFIT) = sqrt(WSSR/ndf)    : 1.02624
variance of residuals (reduced chisquare) = WSSR/ndf   : 1.05318
p-value of the Chisq distribution (FIT_P)              : 0.390876

Final set of parameters            Asymptotic Standard Error
=======================            ==========================
a               = 37.298           +/- 3.205        (8.593%)
tau             = 97.644           +/- 34.19        (35.02%)
phi             = -0.389331        +/- 0.1053       (27.04%)
T               = 13.0875          +/- 0.1197       (0.9149%)
theta0          = 1.90369          +/- 0.682        (35.83%)

correlation matrix of the fit parameters:
                a      tau    phi    T      theta0 
a               1.000 
tau            -0.937  1.000 
phi             0.010  0.015  1.000 
T              -0.003  0.029  0.952  1.000 
theta0         -0.037  0.025 -0.331 -0.314  1.000 


*******************************************************************************
Sun Nov 15 20:58:05 2015


FIT:    data read from f using 1:2:3
        format = x:z:s
        #datapoints = 29
function used for fitting: theta(x)
	theta(t) = theta0 + a * exp(-t / tau) * sin(2 * pi * t / T + phi)
fitted parameters initialized with current variable values

iter      chisq       delta/lim  lambda   a             tau           phi           T             theta0       
   0 1.1879761668e+03   0.00e+00  7.63e+00    4.000000e+01   1.500000e+01  -5.000000e-01   1.500000e+01   1.000000e+01
  18 2.5276237474e+01  -1.18e-02  7.63e-06    3.729799e+01   9.764396e+01  -3.893310e-01   1.308747e+01   1.903694e+00

After 18 iterations the fit converged.
final sum of squares of residuals : 25.2762
rel. change during last iteration : -1.177e-07

degrees of freedom    (FIT_NDF)                        : 24
rms of residuals      (FIT_STDFIT) = sqrt(WSSR/ndf)    : 1.02624
variance of residuals (reduced chisquare) = WSSR/ndf   : 1.05318
p-value of the Chisq distribution (FIT_P)              : 0.390876

Final set of parameters            Asymptotic Standard Error
=======================            ==========================
a               = 37.298           +/- 3.205        (8.593%)
tau             = 97.644           +/- 34.19        (35.02%)
phi             = -0.389331        +/- 0.1053       (27.04%)
T               = 13.0875          +/- 0.1197       (0.9149%)
theta0          = 1.90369          +/- 0.682        (35.83%)

correlation matrix of the fit parameters:
                a      tau    phi    T      theta0 
a               1.000 
tau            -0.937  1.000 
phi             0.010  0.015  1.000 
T              -0.003  0.029  0.952  1.000 
theta0         -0.037  0.025 -0.331 -0.314  1.000 


*******************************************************************************
Sun Nov 15 20:58:45 2015


FIT:    data read from f using 1:2:3
        format = x:z:s
        #datapoints = 29
function used for fitting: theta(x)
	theta(t) = theta0 + a * exp(-t / tau) * sin(2 * pi * t / T + phi)
fitted parameters initialized with current variable values

iter      chisq       delta/lim  lambda   a             tau           phi           T             theta0       
   0 1.1879761668e+03   0.00e+00  7.63e+00    4.000000e+01   1.500000e+01  -5.000000e-01   1.500000e+01   1.000000e+01
  18 2.5276237474e+01  -1.18e-02  7.63e-06    3.729799e+01   9.764396e+01  -3.893310e-01   1.308747e+01   1.903694e+00

After 18 iterations the fit converged.
final sum of squares of residuals : 25.2762
rel. change during last iteration : -1.177e-07

degrees of freedom    (FIT_NDF)                        : 24
rms of residuals      (FIT_STDFIT) = sqrt(WSSR/ndf)    : 1.02624
variance of residuals (reduced chisquare) = WSSR/ndf   : 1.05318
p-value of the Chisq distribution (FIT_P)              : 0.390876

Final set of parameters            Asymptotic Standard Error
=======================            ==========================
a               = 37.298           +/- 3.205        (8.593%)
tau             = 97.644           +/- 34.19        (35.02%)
phi             = -0.389331        +/- 0.1053       (27.04%)
T               = 13.0875          +/- 0.1197       (0.9149%)
theta0          = 1.90369          +/- 0.682        (35.83%)

correlation matrix of the fit parameters:
                a      tau    phi    T      theta0 
a               1.000 
tau            -0.937  1.000 
phi             0.010  0.015  1.000 
T              -0.003  0.029  0.952  1.000 
theta0         -0.037  0.025 -0.331 -0.314  1.000 


*******************************************************************************
Sun Nov 15 21:05:24 2015


FIT:    data read from f using 1:2:3
        format = x:z:s
        #datapoints = 29
function used for fitting: theta(x)
	theta(t) = theta0 + a * exp(-t / tau) * sin(2 * pi * t / T + phi)
fitted parameters initialized with current variable values

iter      chisq       delta/lim  lambda   a             tau           phi           T             theta0       
   0 1.1879761668e+03   0.00e+00  7.63e+00    4.000000e+01   1.500000e+01  -5.000000e-01   1.500000e+01   1.000000e+01
  18 2.5276237474e+01  -1.18e-02  7.63e-06    3.729799e+01   9.764396e+01  -3.893310e-01   1.308747e+01   1.903694e+00

After 18 iterations the fit converged.
final sum of squares of residuals : 25.2762
rel. change during last iteration : -1.177e-07

degrees of freedom    (FIT_NDF)                        : 24
rms of residuals      (FIT_STDFIT) = sqrt(WSSR/ndf)    : 1.02624
variance of residuals (reduced chisquare) = WSSR/ndf   : 1.05318
p-value of the Chisq distribution (FIT_P)              : 0.390876

Final set of parameters            Asymptotic Standard Error
=======================            ==========================
a               = 37.298           +/- 3.205        (8.593%)
tau             = 97.644           +/- 34.19        (35.02%)
phi             = -0.389331        +/- 0.1053       (27.04%)
T               = 13.0875          +/- 0.1197       (0.9149%)
theta0          = 1.90369          +/- 0.682        (35.83%)

correlation matrix of the fit parameters:
                a      tau    phi    T      theta0 
a               1.000 
tau            -0.937  1.000 
phi             0.010  0.015  1.000 
T              -0.003  0.029  0.952  1.000 
theta0         -0.037  0.025 -0.331 -0.314  1.000 


*******************************************************************************
Sun Nov 15 21:05:57 2015


FIT:    data read from f using 1:2:3
        format = x:z:s
        #datapoints = 29
function used for fitting: theta(x)
	theta(t) = theta0 + a * exp(-t / tau) * sin(2 * pi * t / T + phi)
fitted parameters initialized with current variable values

iter      chisq       delta/lim  lambda   a             tau           phi           T             theta0       
   0 1.1879761668e+03   0.00e+00  7.63e+00    4.000000e+01   1.500000e+01  -5.000000e-01   1.500000e+01   1.000000e+01
  18 2.5276237474e+01  -1.18e-02  7.63e-06    3.729799e+01   9.764396e+01  -3.893310e-01   1.308747e+01   1.903694e+00

After 18 iterations the fit converged.
final sum of squares of residuals : 25.2762
rel. change during last iteration : -1.177e-07

degrees of freedom    (FIT_NDF)                        : 24
rms of residuals      (FIT_STDFIT) = sqrt(WSSR/ndf)    : 1.02624
variance of residuals (reduced chisquare) = WSSR/ndf   : 1.05318
p-value of the Chisq distribution (FIT_P)              : 0.390876

Final set of parameters            Asymptotic Standard Error
=======================            ==========================
a               = 37.298           +/- 3.205        (8.593%)
tau             = 97.644           +/- 34.19        (35.02%)
phi             = -0.389331        +/- 0.1053       (27.04%)
T               = 13.0875          +/- 0.1197       (0.9149%)
theta0          = 1.90369          +/- 0.682        (35.83%)

correlation matrix of the fit parameters:
                a      tau    phi    T      theta0 
a               1.000 
tau            -0.937  1.000 
phi             0.010  0.015  1.000 
T              -0.003  0.029  0.952  1.000 
theta0         -0.037  0.025 -0.331 -0.314  1.000 


*******************************************************************************
Sun Nov 15 21:06:39 2015


FIT:    data read from f using 1:2:3
        format = x:z:s
        #datapoints = 29
function used for fitting: theta(x)
	theta(t) = theta0 + a * exp(-t / tau) * sin(2 * pi * t / T + phi)
fitted parameters initialized with current variable values

iter      chisq       delta/lim  lambda   a             tau           phi           T             theta0       
   0 1.1879761668e+03   0.00e+00  7.63e+00    4.000000e+01   1.500000e+01  -5.000000e-01   1.500000e+01   1.000000e+01
  18 2.5276237474e+01  -1.18e-02  7.63e-06    3.729799e+01   9.764396e+01  -3.893310e-01   1.308747e+01   1.903694e+00

After 18 iterations the fit converged.
final sum of squares of residuals : 25.2762
rel. change during last iteration : -1.177e-07

degrees of freedom    (FIT_NDF)                        : 24
rms of residuals      (FIT_STDFIT) = sqrt(WSSR/ndf)    : 1.02624
variance of residuals (reduced chisquare) = WSSR/ndf   : 1.05318
p-value of the Chisq distribution (FIT_P)              : 0.390876

Final set of parameters            Asymptotic Standard Error
=======================            ==========================
a               = 37.298           +/- 3.205        (8.593%)
tau             = 97.644           +/- 34.19        (35.02%)
phi             = -0.389331        +/- 0.1053       (27.04%)
T               = 13.0875          +/- 0.1197       (0.9149%)
theta0          = 1.90369          +/- 0.682        (35.83%)

correlation matrix of the fit parameters:
                a      tau    phi    T      theta0 
a               1.000 
tau            -0.937  1.000 
phi             0.010  0.015  1.000 
T              -0.003  0.029  0.952  1.000 
theta0         -0.037  0.025 -0.331 -0.314  1.000 


*******************************************************************************
Sun Nov 15 21:08:05 2015


FIT:    data read from f using 1:2:3
        format = x:z:s
        #datapoints = 29
function used for fitting: theta(x)
	theta(t) = theta0 + a * exp(-t / tau) * sin(2 * pi * t / T + phi)
fitted parameters initialized with current variable values

iter      chisq       delta/lim  lambda   a             tau           phi           T             theta0       
   0 1.1879761668e+03   0.00e+00  7.63e+00    4.000000e+01   1.500000e+01  -5.000000e-01   1.500000e+01   1.000000e+01
  18 2.5276237474e+01  -1.18e-02  7.63e-06    3.729799e+01   9.764396e+01  -3.893310e-01   1.308747e+01   1.903694e+00

After 18 iterations the fit converged.
final sum of squares of residuals : 25.2762
rel. change during last iteration : -1.177e-07

degrees of freedom    (FIT_NDF)                        : 24
rms of residuals      (FIT_STDFIT) = sqrt(WSSR/ndf)    : 1.02624
variance of residuals (reduced chisquare) = WSSR/ndf   : 1.05318
p-value of the Chisq distribution (FIT_P)              : 0.390876

Final set of parameters            Asymptotic Standard Error
=======================            ==========================
a               = 37.298           +/- 3.205        (8.593%)
tau             = 97.644           +/- 34.19        (35.02%)
phi             = -0.389331        +/- 0.1053       (27.04%)
T               = 13.0875          +/- 0.1197       (0.9149%)
theta0          = 1.90369          +/- 0.682        (35.83%)

correlation matrix of the fit parameters:
                a      tau    phi    T      theta0 
a               1.000 
tau            -0.937  1.000 
phi             0.010  0.015  1.000 
T              -0.003  0.029  0.952  1.000 
theta0         -0.037  0.025 -0.331 -0.314  1.000 


*******************************************************************************
Sun Nov 15 21:09:07 2015


FIT:    data read from f using 1:2:3
        format = x:z:s
        #datapoints = 29
function used for fitting: theta(x)
	theta(t) = theta0 + a * exp(-t / tau) * sin(2 * pi * t / T + phi)
fitted parameters initialized with current variable values

iter      chisq       delta/lim  lambda   a             tau           phi           T             theta0       
   0 1.1879761668e+03   0.00e+00  7.63e+00    4.000000e+01   1.500000e+01  -5.000000e-01   1.500000e+01   1.000000e+01
  18 2.5276237474e+01  -1.18e-02  7.63e-06    3.729799e+01   9.764396e+01  -3.893310e-01   1.308747e+01   1.903694e+00

After 18 iterations the fit converged.
final sum of squares of residuals : 25.2762
rel. change during last iteration : -1.177e-07

degrees of freedom    (FIT_NDF)                        : 24
rms of residuals      (FIT_STDFIT) = sqrt(WSSR/ndf)    : 1.02624
variance of residuals (reduced chisquare) = WSSR/ndf   : 1.05318
p-value of the Chisq distribution (FIT_P)              : 0.390876

Final set of parameters            Asymptotic Standard Error
=======================            ==========================
a               = 37.298           +/- 3.205        (8.593%)
tau             = 97.644           +/- 34.19        (35.02%)
phi             = -0.389331        +/- 0.1053       (27.04%)
T               = 13.0875          +/- 0.1197       (0.9149%)
theta0          = 1.90369          +/- 0.682        (35.83%)

correlation matrix of the fit parameters:
                a      tau    phi    T      theta0 
a               1.000 
tau            -0.937  1.000 
phi             0.010  0.015  1.000 
T              -0.003  0.029  0.952  1.000 
theta0         -0.037  0.025 -0.331 -0.314  1.000 


*******************************************************************************
Tue Dec  8 00:16:00 2015


FIT:    data read from f using 1:2:3
        format = x:z:s
        #datapoints = 29
function used for fitting: theta(x)
	theta(t) = theta0 + a * exp(-t / tau) * sin(2 * pi * t / T + phi)
fitted parameters initialized with current variable values

iter      chisq       delta/lim  lambda   a             tau           phi           T             theta0       
   0 1.1879761668e+03   0.00e+00  7.63e+00    4.000000e+01   1.500000e+01  -5.000000e-01   1.500000e+01   1.000000e+01
  18 2.5276237474e+01  -1.18e-02  7.63e-06    3.729799e+01   9.764396e+01  -3.893310e-01   1.308747e+01   1.903694e+00

After 18 iterations the fit converged.
final sum of squares of residuals : 25.2762
rel. change during last iteration : -1.177e-07

degrees of freedom    (FIT_NDF)                        : 24
rms of residuals      (FIT_STDFIT) = sqrt(WSSR/ndf)    : 1.02624
variance of residuals (reduced chisquare) = WSSR/ndf   : 1.05318
p-value of the Chisq distribution (FIT_P)              : 0.390876

Final set of parameters            Asymptotic Standard Error
=======================            ==========================
a               = 37.298           +/- 3.205        (8.593%)
tau             = 97.644           +/- 34.19        (35.02%)
phi             = -0.389331        +/- 0.1053       (27.04%)
T               = 13.0875          +/- 0.1197       (0.9149%)
theta0          = 1.90369          +/- 0.682        (35.83%)

correlation matrix of the fit parameters:
                a      tau    phi    T      theta0 
a               1.000 
tau            -0.937  1.000 
phi             0.010  0.015  1.000 
T              -0.003  0.029  0.952  1.000 
theta0         -0.037  0.025 -0.331 -0.314  1.000 
