

*******************************************************************************
Sat Oct 31 15:31:30 2015


FIT:    data read from 'Data.csv' u 1:2
        format = x:z
        #datapoints = 6
        residuals are weighted equally (unit weight)

function used for fitting: f(x)
fitted parameters initialized with current variable values



 Iteration 0
 WSSR        : 32.8255           delta(WSSR)/WSSR   : 0
 delta(WSSR) : 0                 limit for stopping : 1e-05
 lambda	  : 2.25462

initial set of free parameter values

a               = 1
b               = 1

After 4 iterations the fit converged.
final sum of squares of residuals : 0.286599
rel. change during last iteration : -4.50832e-11

degrees of freedom    (FIT_NDF)                        : 4
rms of residuals      (FIT_STDFIT) = sqrt(WSSR/ndf)    : 0.267674
variance of residuals (reduced chisquare) = WSSR/ndf   : 0.0716496

Final set of parameters            Asymptotic Standard Error
=======================            ==========================

a               = 0.414234         +/- 0.06399      (15.45%)
b               = 0.36147          +/- 0.1937       (53.59%)


correlation matrix of the fit parameters:

               a      b      
a               1.000 
b              -0.826  1.000 


*******************************************************************************
Sat Oct 31 15:34:14 2015


FIT:    data read from 'Data.csv' u 1:2
        format = x:z
        #datapoints = 6
        residuals are weighted equally (unit weight)

function used for fitting: f(x)
fitted parameters initialized with current variable values



 Iteration 0
 WSSR        : 0.286599          delta(WSSR)/WSSR   : 0
 delta(WSSR) : 0                 limit for stopping : 1e-05
 lambda	  : 2.25462

initial set of free parameter values

a               = 0.414234
b               = 0.36147

After 1 iterations the fit converged.
final sum of squares of residuals : 0.286599
rel. change during last iteration : -5.81069e-16

degrees of freedom    (FIT_NDF)                        : 4
rms of residuals      (FIT_STDFIT) = sqrt(WSSR/ndf)    : 0.267674
variance of residuals (reduced chisquare) = WSSR/ndf   : 0.0716496

Final set of parameters            Asymptotic Standard Error
=======================            ==========================

a               = 0.414234         +/- 0.06399      (15.45%)
b               = 0.36147          +/- 0.1937       (53.59%)


correlation matrix of the fit parameters:

               a      b      
a               1.000 
b              -0.826  1.000 


*******************************************************************************
Sat Oct 31 15:45:27 2015


FIT:    data read from 'Data.csv' u 1:2
        format = x:z
        #datapoints = 6
        residuals are weighted equally (unit weight)

function used for fitting: f(x)
fitted parameters initialized with current variable values



*******************************************************************************
Sat Oct 31 15:45:59 2015


FIT:    data read from 'Data.csv' u 1:2
        format = x:z
        #datapoints = 6
        residuals are weighted equally (unit weight)

function used for fitting: f(x)
fitted parameters initialized with current variable values



 Iteration 0
 WSSR        : 32.8255           delta(WSSR)/WSSR   : 0
 delta(WSSR) : 0                 limit for stopping : 1e-05
 lambda	  : 2.25462

initial set of free parameter values

a               = 1
b               = 1

After 4 iterations the fit converged.
final sum of squares of residuals : 0.286599
rel. change during last iteration : -4.50832e-11

degrees of freedom    (FIT_NDF)                        : 4
rms of residuals      (FIT_STDFIT) = sqrt(WSSR/ndf)    : 0.267674
variance of residuals (reduced chisquare) = WSSR/ndf   : 0.0716496

Final set of parameters            Asymptotic Standard Error
=======================            ==========================

a               = 0.414234         +/- 0.06399      (15.45%)
b               = 0.36147          +/- 0.1937       (53.59%)


correlation matrix of the fit parameters:

               a      b      
a               1.000 
b              -0.826  1.000 


*******************************************************************************
Sat Oct 31 15:47:06 2015


FIT:    data read from 'Data.csv' u 1:2
        format = x:z
        #datapoints = 6
        residuals are weighted equally (unit weight)

function used for fitting: f(x)
fitted parameters initialized with current variable values



 Iteration 0
 WSSR        : 191.554           delta(WSSR)/WSSR   : 0
 delta(WSSR) : 0                 limit for stopping : 1e-05
 lambda	  : 7.60117

initial set of free parameter values

a               = 0.414234
b               = 0.36147
c               = 1

After 5 iterations the fit converged.
final sum of squares of residuals : 0.0556307
rel. change during last iteration : -1.03203e-12

degrees of freedom    (FIT_NDF)                        : 3
rms of residuals      (FIT_STDFIT) = sqrt(WSSR/ndf)    : 0.136175
variance of residuals (reduced chisquare) = WSSR/ndf   : 0.0185436

Final set of parameters            Asymptotic Standard Error
=======================            ==========================

a               = -0.0786552       +/- 0.02229      (28.33%)
b               = 0.80751          +/- 0.1161       (14.38%)
c               = 0.0992861        +/- 0.1234       (124.3%)


correlation matrix of the fit parameters:

               a      b      c      
a               1.000 
b              -0.960  1.000 
c               0.602 -0.763  1.000 


*******************************************************************************
Sat Oct 31 15:48:20 2015


FIT:    data read from 'Data.csv' u 1:2
        format = x:z
        #datapoints = 6
        residuals are weighted equally (unit weight)

function used for fitting: f(x)
fitted parameters initialized with current variable values



 Iteration 0
 WSSR        : 0.0556307         delta(WSSR)/WSSR   : 0
 delta(WSSR) : 0                 limit for stopping : 1e-05
 lambda	  : 7.60117

initial set of free parameter values

a               = -0.0786552
b               = 0.80751
c               = 0.0992861

The maximum lambda = 1.000000e+20 was exceeded. Fit stopped.
final sum of squares of residuals : 0.0556307
rel. change during last iteration : 0

degrees of freedom    (FIT_NDF)                        : 3
rms of residuals      (FIT_STDFIT) = sqrt(WSSR/ndf)    : 0.136175
variance of residuals (reduced chisquare) = WSSR/ndf   : 0.0185436

Final set of parameters            Asymptotic Standard Error
=======================            ==========================

a               = -0.0786552       +/- 0.02229      (28.33%)
b               = 0.80751          +/- 0.1161       (14.38%)
c               = 0.0992861        +/- 0.1234       (124.3%)


correlation matrix of the fit parameters:

               a      b      c      
a               1.000 
b              -0.960  1.000 
c               0.602 -0.763  1.000 
