This is pdfTeX, Version 3.14159265-2.6-1.40.15 (TeX Live 2014) (preloaded format=pdflatex 2014.5.25)  7 APR 2016 10:29
entering extended mode
 restricted \write18 enabled.
 %&-line parsing enabled.
**multiple_subfigures_using_subfloat.tex
(./multiple_subfigures_using_subfloat.tex
LaTeX2e <2014/05/01>
Babel <3.9k> and hyphenation patterns for 78 languages loaded.
(/usr/local/texlive/2014/texmf-dist/tex/latex/base/article.cls
Document Class: article 2007/10/19 v1.4h Standard LaTeX document class
(/usr/local/texlive/2014/texmf-dist/tex/latex/base/size10.clo
File: size10.clo 2007/10/19 v1.4h Standard LaTeX file (size option)
)
\c@part=\count79
\c@section=\count80
\c@subsection=\count81
\c@subsubsection=\count82
\c@paragraph=\count83
\c@subparagraph=\count84
\c@figure=\count85
\c@table=\count86
\abovecaptionskip=\skip41
\belowcaptionskip=\skip42
\bibindent=\dimen102
)
(/usr/local/texlive/2014/texmf-dist/tex/latex/float/float.sty
Package: float 2001/11/08 v1.3d Float enhancements (AL)
\c@float@type=\count87
\float@exts=\toks14
\float@box=\box26
\@float@everytoks=\toks15
\@floatcapt=\box27
)
(/usr/local/texlive/2014/texmf-dist/tex/latex/subfig/subfig.sty
Package: subfig 2005/06/28 ver: 1.3 subfig package

(/usr/local/texlive/2014/texmf-dist/tex/latex/graphics/keyval.sty
Package: keyval 2014/05/08 v1.15 key=value parser (DPC)
\KV@toks@=\toks16
)
(/usr/local/texlive/2014/texmf-dist/tex/latex/caption/caption3.sty
Package: caption3 2013/05/02 v1.6-88 caption3 kernel (AR)
Package caption3 Info: TeX engine: e-TeX on input line 57.
\captionmargin=\dimen103
\captionmargin@=\dimen104
\captionwidth=\dimen105
\caption@tempdima=\dimen106
\caption@indent=\dimen107
\caption@parindent=\dimen108
\caption@hangindent=\dimen109
)
\c@KVtest=\count88
\sf@farskip=\skip43
\sf@captopadj=\dimen110
\sf@capskip=\skip44
\sf@nearskip=\skip45
\c@subfigure=\count89
\c@subfigure@save=\count90
\c@lofdepth=\count91
\c@subtable=\count92
\c@subtable@save=\count93
\c@lotdepth=\count94
\sf@top=\skip46
\sf@bottom=\skip47
)
(/usr/local/texlive/2014/texmf-dist/tex/latex/graphics/graphicx.sty
Package: graphicx 2014/04/25 v1.0g Enhanced LaTeX Graphics (DPC,SPQR)

(/usr/local/texlive/2014/texmf-dist/tex/latex/graphics/graphics.sty
Package: graphics 2009/02/05 v1.0o Standard LaTeX Graphics (DPC,SPQR)

(/usr/local/texlive/2014/texmf-dist/tex/latex/graphics/trig.sty
Package: trig 1999/03/16 v1.09 sin cos tan (DPC)
)
(/usr/local/texlive/2014/texmf-dist/tex/latex/latexconfig/graphics.cfg
File: graphics.cfg 2010/04/23 v1.9 graphics configuration of TeX Live
)
Package graphics Info: Driver file: pdftex.def on input line 91.

(/usr/local/texlive/2014/texmf-dist/tex/latex/pdftex-def/pdftex.def
File: pdftex.def 2011/05/27 v0.06d Graphics/color for pdfTeX

(/usr/local/texlive/2014/texmf-dist/tex/generic/oberdiek/infwarerr.sty
Package: infwarerr 2010/04/08 v1.3 Providing info/warning/error messages (HO)
)
(/usr/local/texlive/2014/texmf-dist/tex/generic/oberdiek/ltxcmds.sty
Package: ltxcmds 2011/11/09 v1.22 LaTeX kernel commands for general use (HO)
)
\Gread@gobject=\count95
))
\Gin@req@height=\dimen111
\Gin@req@width=\dimen112
)
(./multiple_subfigures_using_subfloat.aux)
\openout1 = `multiple_subfigures_using_subfloat.aux'.

LaTeX Font Info:    Checking defaults for OML/cmm/m/it on input line 7.
LaTeX Font Info:    ... okay on input line 7.
LaTeX Font Info:    Checking defaults for T1/cmr/m/n on input line 7.
LaTeX Font Info:    ... okay on input line 7.
LaTeX Font Info:    Checking defaults for OT1/cmr/m/n on input line 7.
LaTeX Font Info:    ... okay on input line 7.
LaTeX Font Info:    Checking defaults for OMS/cmsy/m/n on input line 7.
LaTeX Font Info:    ... okay on input line 7.
LaTeX Font Info:    Checking defaults for OMX/cmex/m/n on input line 7.
LaTeX Font Info:    ... okay on input line 7.
LaTeX Font Info:    Checking defaults for U/cmr/m/n on input line 7.
LaTeX Font Info:    ... okay on input line 7.
Package caption Info: Begin \AtBeginDocument code.
Package caption Info: subfig package v1.3 is loaded.
Package caption Info: End \AtBeginDocument code.

(/usr/local/texlive/2014/texmf-dist/tex/context/base/supp-pdf.mkii
[Loading MPS to PDF converter (version 2006.09.02).]
\scratchcounter=\count96
\scratchdimen=\dimen113
\scratchbox=\box28
\nofMPsegments=\count97
\nofMParguments=\count98
\everyMPshowfont=\toks17
\MPscratchCnt=\count99
\MPscratchDim=\dimen114
\MPnumerator=\count100
\makeMPintoPDFobject=\count101
\everyMPtoPDFconversion=\toks18
) (/usr/local/texlive/2014/texmf-dist/tex/generic/oberdiek/pdftexcmds.sty
Package: pdftexcmds 2011/11/29 v0.20 Utility functions of pdfTeX for LuaTeX (HO
)

(/usr/local/texlive/2014/texmf-dist/tex/generic/oberdiek/ifluatex.sty
Package: ifluatex 2010/03/01 v1.3 Provides the ifluatex switch (HO)
Package ifluatex Info: LuaTeX not detected.
)
(/usr/local/texlive/2014/texmf-dist/tex/generic/oberdiek/ifpdf.sty
Package: ifpdf 2011/01/30 v2.3 Provides the ifpdf switch (HO)
Package ifpdf Info: pdfTeX in PDF mode is detected.
)
Package pdftexcmds Info: LuaTeX not detected.
Package pdftexcmds Info: \pdf@primitive is available.
Package pdftexcmds Info: \pdf@ifprimitive is available.
Package pdftexcmds Info: \pdfdraftmode found.
)
(/usr/local/texlive/2014/texmf-dist/tex/latex/oberdiek/epstopdf-base.sty
Package: epstopdf-base 2010/02/09 v2.5 Base part for package epstopdf

(/usr/local/texlive/2014/texmf-dist/tex/latex/oberdiek/grfext.sty
Package: grfext 2010/08/19 v1.1 Manage graphics extensions (HO)

(/usr/local/texlive/2014/texmf-dist/tex/generic/oberdiek/kvdefinekeys.sty
Package: kvdefinekeys 2011/04/07 v1.3 Define keys (HO)
))
(/usr/local/texlive/2014/texmf-dist/tex/latex/oberdiek/kvoptions.sty
Package: kvoptions 2011/06/30 v3.11 Key value format for package options (HO)

(/usr/local/texlive/2014/texmf-dist/tex/generic/oberdiek/kvsetkeys.sty
Package: kvsetkeys 2012/04/25 v1.16 Key value parser (HO)

(/usr/local/texlive/2014/texmf-dist/tex/generic/oberdiek/etexcmds.sty
Package: etexcmds 2011/02/16 v1.5 Avoid name clashes with e-TeX commands (HO)
Package etexcmds Info: Could not find \expanded.
(etexcmds)             That can mean that you are not using pdfTeX 1.50 or
(etexcmds)             that some package has redefined \expanded.
(etexcmds)             In the latter case, load this package earlier.
)))
Package grfext Info: Graphics extension search list:
(grfext)             [.png,.pdf,.jpg,.mps,.jpeg,.jbig2,.jb2,.PNG,.PDF,.JPG,.JPE
G,.JBIG2,.JB2,.eps]
(grfext)             \AppendGraphicsExtensions on input line 452.

(/usr/local/texlive/2014/texmf-dist/tex/latex/latexconfig/epstopdf-sys.cfg
File: epstopdf-sys.cfg 2010/07/13 v1.3 Configuration of (r)epstopdf for TeX Liv
e
))
Package epstopdf Info: Source file: <images/a.eps>
(epstopdf)                    date: 2015-09-05 23:09:23
(epstopdf)                    size: 19941 bytes
(epstopdf)             Output file: <images/a-eps-converted-to.pdf>
(epstopdf)                    date: 2015-09-07 15:10:30
(epstopdf)                    size: 10706 bytes
(epstopdf)             Command: <repstopdf --outfile=images/a-eps-converted-to.
pdf images/a.eps>
(epstopdf)             \includegraphics on input line 11.
Package epstopdf Info: Output file is already uptodate.

<images/a-eps-converted-to.pdf, id=1, 675.52374pt x 524.96124pt>
File: images/a-eps-converted-to.pdf Graphic file (type pdf)

<use images/a-eps-converted-to.pdf>
Package pdftex.def Info: images/a-eps-converted-to.pdf used on input line 11.
(pdftex.def)             Requested size: 216.81pt x 168.48766pt.
Package epstopdf Info: Source file: <images/b.eps>
(epstopdf)                    date: 2015-09-05 23:12:16
(epstopdf)                    size: 19944 bytes
(epstopdf)             Output file: <images/b-eps-converted-to.pdf>
(epstopdf)                    date: 2015-09-07 15:10:30
(epstopdf)                    size: 10856 bytes
(epstopdf)             Command: <repstopdf --outfile=images/b-eps-converted-to.
pdf images/b.eps>
(epstopdf)             \includegraphics on input line 12.
Package epstopdf Info: Output file is already uptodate.

<images/b-eps-converted-to.pdf, id=2, 675.52374pt x 524.96124pt>
File: images/b-eps-converted-to.pdf Graphic file (type pdf)

<use images/b-eps-converted-to.pdf>
Package pdftex.def Info: images/b-eps-converted-to.pdf used on input line 12.
(pdftex.def)             Requested size: 216.81pt x 168.48766pt.
Package epstopdf Info: Source file: <images/c.eps>
(epstopdf)                    date: 2015-09-05 23:09:23
(epstopdf)                    size: 19941 bytes
(epstopdf)             Output file: <images/c-eps-converted-to.pdf>
(epstopdf)                    date: 2016-03-29 16:11:47
(epstopdf)                    size: 10595 bytes
(epstopdf)             Command: <repstopdf --outfile=images/c-eps-converted-to.
pdf images/c.eps>
(epstopdf)             \includegraphics on input line 13.
Package epstopdf Info: Output file is already uptodate.

<images/c-eps-converted-to.pdf, id=3, 675.52374pt x 524.96124pt>
File: images/c-eps-converted-to.pdf Graphic file (type pdf)

<use images/c-eps-converted-to.pdf>
Package pdftex.def Info: images/c-eps-converted-to.pdf used on input line 13.
(pdftex.def)             Requested size: 216.81pt x 168.48766pt.
Package epstopdf Info: Source file: <images/d.eps>
(epstopdf)                    date: 2015-09-05 23:09:23
(epstopdf)                    size: 19941 bytes
(epstopdf)             Output file: <images/d-eps-converted-to.pdf>
(epstopdf)                    date: 2016-03-29 16:11:48
(epstopdf)                    size: 10595 bytes
(epstopdf)             Command: <repstopdf --outfile=images/d-eps-converted-to.
pdf images/d.eps>
(epstopdf)             \includegraphics on input line 14.
Package epstopdf Info: Output file is already uptodate.

<images/d-eps-converted-to.pdf, id=4, 675.52374pt x 524.96124pt>
File: images/d-eps-converted-to.pdf Graphic file (type pdf)

<use images/d-eps-converted-to.pdf>
Package pdftex.def Info: images/d-eps-converted-to.pdf used on input line 14.
(pdftex.def)             Requested size: 216.81pt x 168.48766pt.

Overfull \hbox (88.62pt too wide) in paragraph at lines 11--15
[][][] 
 []


Overfull \hbox (88.62pt too wide) in paragraph at lines 11--15
[][] 
 []

LaTeX Font Info:    Try loading font information for OMS+cmr on input line 15.
(/usr/local/texlive/2014/texmf-dist/tex/latex/base/omscmr.fd
File: omscmr.fd 1999/05/25 v2.5h Standard LaTeX font definitions
)
LaTeX Font Info:    Font shape `OMS/cmr/m/n' in size <10> not available
(Font)              Font shape `OMS/cmsy/m/n' tried instead on input line 15.

Underfull \hbox (badness 10000) in paragraph at lines 15--15
[]\OT1/cmr/m/n/10 Figure 1: usep-a-ck-age float and en-vi-ron-ment sub-float[fi
g 1]
 []

[1{/usr/local/texlive/2014/texmf-var/fonts/map/pdftex/updmap/pdftex.map} <./ima
ges/a-eps-converted-to.pdf> <./images/b-eps-converted-to.pdf> <./images/c-eps-c
onverted-to.pdf> <./images/d-eps-converted-to.pdf>]
(./multiple_subfigures_using_subfloat.aux)

LaTeX Warning: Label(s) may have changed. Rerun to get cross-references right.

 ) 
Here is how much of TeX's memory you used:
 2283 strings out of 493117
 36226 string characters out of 6135433
 92271 words of memory out of 5000000
 5746 multiletter control sequences out of 15000+600000
 3939 words of font info for 15 fonts, out of 8000000 for 9000
 1141 hyphenation exceptions out of 8191
 37i,9n,47p,260b,326s stack positions out of 5000i,500n,10000p,200000b,80000s
</usr/local/texlive/2014/texmf-dist/fonts/type1/public/amsfonts/cm/cmr10.pfb>
</usr/local/texlive/2014/texmf-dist/fonts/type1/public/amsfonts/cm/cmr8.pfb></u
sr/local/texlive/2014/texmf-dist/fonts/type1/public/amsfonts/cm/cmsy10.pfb>
Output written on multiple_subfigures_using_subfloat.pdf (1 page, 64599 bytes).

PDF statistics:
 44 PDF objects out of 1000 (max. 8388607)
 29 compressed objects within 1 object stream
 0 named destinations out of 1000 (max. 500000)
 21 words of extra memory for PDF output out of 10000 (max. 10000000)

